<?xml version="1.0" encoding="UTF-8"?>
<!-- Generated by org.testng.reporters.JUnitReportReporter -->
<testsuite hostname="DESKTOP-7EUDCAL" failures="0" tests="3" name="Ignore.Enable_Ignore_Tests" time="0.018" errors="0" timestamp="2023-08-16T21:30:28 GMT-04:00" skipped="1">
  <testcase classname="Ignore.Enable_Ignore_Tests" name="test2" time="0.002"/>
  <system-out/>
  <testcase classname="Ignore.Enable_Ignore_Tests" name="test1" time="0.014"/>
  <system-out/>
  <testcase classname="Ignore.Enable_Ignore_Tests" name="test3" time="0.002">
    <skipped/>
  </testcase> <!-- test3 -->
  <system-out/>
</testsuite> <!-- Ignore.Enable_Ignore_Tests -->
