<?xml version="1.0" encoding="UTF-8"?>
<!-- Generated by org.testng.reporters.JUnitReportReporter -->
<testsuite hostname="DESKTOP-7EUDCAL" failures="0" tests="3" name="Invocation.InvocationTest" time="0.016" errors="0" timestamp="2023-08-16T21:32:03 GMT-04:00" skipped="0">
  <testcase classname="Invocation.InvocationTest" name="test" time="0.002"/>
  <system-out/>
  <testcase classname="Invocation.InvocationTest" name="test" time="0.012"/>
  <system-out/>
  <testcase classname="Invocation.InvocationTest" name="test" time="0.002"/>
  <system-out/>
</testsuite> <!-- Invocation.InvocationTest -->
