<?xml version="1.0" encoding="UTF-8"?>
<!-- Generated by org.testng.reporters.JUnitReportReporter -->
<testsuite hostname="DESKTOP-7EUDCAL" failures="0" tests="3" name="Data_Provider.Logindataprovider" time="20.839" errors="0" timestamp="2023-08-16T21:55:28 GMT-04:00" skipped="0">
  <testcase classname="Data_Provider.Logindataprovider" name="login" time="9.422"/>
  <system-out/>
  <testcase classname="Data_Provider.Logindataprovider" name="login" time="7.453"/>
  <system-out/>
  <testcase classname="Data_Provider.Logindataprovider" name="login" time="3.964"/>
  <system-out/>
</testsuite> <!-- Data_Provider.Logindataprovider -->
