<?xml version="1.0" encoding="UTF-8"?>
<!-- Generated by org.testng.reporters.JUnitReportReporter -->
<testsuite hostname="DESKTOP-7EUDCAL" failures="0" tests="1" name="TestCases.AddTocartTest" time="3.123" errors="0" timestamp="2023-08-16T21:19:55 GMT-04:00" skipped="0">
  <testcase classname="TestCases.AddTocartTest" name="addtocart" time="3.123"/>
  <system-out/>
</testsuite> <!-- TestCases.AddTocartTest -->
