<?xml version="1.0" encoding="UTF-8"?>
<!-- Generated by org.testng.reporters.JUnitReportReporter -->
<testsuite hostname="DESKTOP-7EUDCAL" failures="0" tests="1" name="TestCases.LogoutTest" time="3.243" errors="0" timestamp="2023-08-16T21:25:19 GMT-04:00" skipped="0">
  <testcase classname="TestCases.LogoutTest" name="logout" time="3.243"/>
  <system-out/>
</testsuite> <!-- TestCases.LogoutTest -->
