<?xml version="1.0" encoding="UTF-8"?>
<!-- Generated by org.testng.reporters.JUnitReportReporter -->
<testsuite hostname="DESKTOP-7EUDCAL" failures="0" tests="2" name="TestCases.LoginTest" time="6.166" errors="0" timestamp="2023-08-17T22:02:51 GMT-04:00" skipped="0">
  <testcase classname="TestCases.LoginTest" name="validLogin" time="3.099"/>
  <system-out/>
  <testcase classname="TestCases.LoginTest" name="inValidLogin" time="3.067"/>
  <system-out/>
</testsuite> <!-- TestCases.LoginTest -->
