<?xml version="1.0" encoding="UTF-8"?>
<!-- Generated by org.testng.reporters.JUnitReportReporter -->
<testsuite hostname="DESKTOP-7EUDCAL" failures="0" tests="2" name="TestCases.LoginTest" time="9.709" errors="0" timestamp="2023-10-27T12:53:39 GMT-04:00" skipped="0">
  <testcase classname="TestCases.LoginTest" name="validLogin" time="6.916"/>
  <system-out/>
  <testcase classname="TestCases.LoginTest" name="inValidLogin" time="2.793"/>
  <system-out/>
</testsuite> <!-- TestCases.LoginTest -->
