<?xml version="1.0" encoding="UTF-8"?>
<!-- Generated by org.testng.reporters.JUnitReportReporter -->
<testsuite hostname="DESKTOP-7EUDCAL" failures="0" tests="2" name="TestCases.LoginTest" time="12.331" errors="0" timestamp="2023-08-18T21:12:51 GMT-04:00" skipped="0">
  <testcase classname="TestCases.LoginTest" name="validLogin" time="3.860"/>
  <system-out/>
  <testcase classname="TestCases.LoginTest" name="inValidLogin" time="8.471"/>
  <system-out/>
</testsuite> <!-- TestCases.LoginTest -->
