<?xml version="1.0" encoding="UTF-8"?>
<!-- Generated by org.testng.reporters.JUnitReportReporter -->
<testsuite hostname="DESKTOP-7EUDCAL" failures="0" tests="1" name="TestCases.AddToCartTest" time="5.212" errors="0" timestamp="2023-08-17T22:02:51 GMT-04:00" skipped="0">
  <testcase classname="TestCases.AddToCartTest" name="addtocart" time="5.212"/>
  <system-out/>
</testsuite> <!-- TestCases.AddToCartTest -->
