<?xml version="1.0" encoding="UTF-8"?>
<!-- Generated by org.testng.reporters.JUnitReportReporter -->
<testsuite hostname="DESKTOP-7EUDCAL" failures="0" tests="1" name="Temp.LaunchBrowser" time="7.313" errors="0" timestamp="2023-08-17T21:50:21 GMT-04:00" skipped="0">
  <testcase classname="Temp.LaunchBrowser" name="launch" time="7.313"/>
  <system-out/>
</testsuite> <!-- Temp.LaunchBrowser -->
