<?xml version="1.0" encoding="UTF-8"?>
<!-- Generated by org.testng.reporters.JUnitReportReporter -->
<testsuite hostname="DESKTOP-7EUDCAL" failures="0" tests="2" name="SampleTest" time="0.027" errors="0" timestamp="2023-08-15T21:37:44 GMT-04:00" skipped="0">
  <testcase classname="SampleTest" name="method1" time="0.020"/>
  <system-out/>
  <testcase classname="SampleTest" name="method2" time="0.007"/>
  <system-out/>
</testsuite> <!-- SampleTest -->
