<?xml version="1.0" encoding="UTF-8"?>
<!-- Generated by org.testng.reporters.JUnitReportReporter -->
<testsuite hostname="DESKTOP-7EUDCAL" failures="0" tests="1" name="LoginTest" time="8.176" errors="0" timestamp="2023-08-15T21:43:55 GMT-04:00" skipped="0">
  <testcase classname="LoginTest" name="login" time="8.176"/>
  <system-out/>
</testsuite> <!-- LoginTest -->
