<?xml version="1.0" encoding="UTF-8"?>
<!-- Generated by org.testng.reporters.JUnitReportReporter -->
<testsuite hostname="DESKTOP-7EUDCAL" failures="0" tests="3" name="Annotations_Example" time="0.021" errors="0" timestamp="2023-08-15T21:52:22 GMT-04:00" skipped="0">
  <testcase classname="Annotations_Example" name="method1" time="0.015"/>
  <system-out/>
  <testcase classname="Annotations_Example" name="method2" time="0.003"/>
  <system-out/>
  <testcase classname="Annotations_Example" name="method3" time="0.003"/>
  <system-out/>
</testsuite> <!-- Annotations_Example -->
